C:\USERS\KENNYSHEEP\DOCUMENTS\VISUAL STUDIO 2010\PROJECTS\_CAPSTONE PROTOTYPE\_RAKNET TESTING\BULLET SERVER TRY 2\BUILD HERE\BULLET SERVER.EXE
C:\USERS\KENNYSHEEP\DOCUMENTS\VISUAL STUDIO 2010\PROJECTS\_CAPSTONE PROTOTYPE\_RAKNET TESTING\BULLET SERVER TRY 2\BUILD HERE\BULLET SERVER.PDB
C:\USERS\KENNYSHEEP\DOCUMENTS\VISUAL STUDIO 2010\PROJECTS\_CAPSTONE PROTOTYPE\_RAKNET TESTING\BULLET SERVER TRY 2\OGRELAB1\RELEASE\_FINDFIRST.OBJ
C:\USERS\KENNYSHEEP\DOCUMENTS\VISUAL STUDIO 2010\PROJECTS\_CAPSTONE PROTOTYPE\_RAKNET TESTING\BULLET SERVER TRY 2\OGRELAB1\RELEASE\BASEFRAMELISTENER.OBJ
C:\USERS\KENNYSHEEP\DOCUMENTS\VISUAL STUDIO 2010\PROJECTS\_CAPSTONE PROTOTYPE\_RAKNET TESTING\BULLET SERVER TRY 2\OGRELAB1\RELEASE\BITSTREAM.OBJ
C:\USERS\KENNYSHEEP\DOCUMENTS\VISUAL STUDIO 2010\PROJECTS\_CAPSTONE PROTOTYPE\_RAKNET TESTING\BULLET SERVER TRY 2\OGRELAB1\RELEASE\BTOGRE.OBJ
C:\USERS\KENNYSHEEP\DOCUMENTS\VISUAL STUDIO 2010\PROJECTS\_CAPSTONE PROTOTYPE\_RAKNET TESTING\BULLET SERVER TRY 2\OGRELAB1\RELEASE\BULLET SERVER.EXE.INTERMEDIATE.MANIFEST
C:\USERS\KENNYSHEEP\DOCUMENTS\VISUAL STUDIO 2010\PROJECTS\_CAPSTONE PROTOTYPE\_RAKNET TESTING\BULLET SERVER TRY 2\OGRELAB1\RELEASE\CAMERAAPP.OBJ
C:\USERS\KENNYSHEEP\DOCUMENTS\VISUAL STUDIO 2010\PROJECTS\_CAPSTONE PROTOTYPE\_RAKNET TESTING\BULLET SERVER TRY 2\OGRELAB1\RELEASE\CCRAKNETSLIDINGWINDOW.OBJ
C:\USERS\KENNYSHEEP\DOCUMENTS\VISUAL STUDIO 2010\PROJECTS\_CAPSTONE PROTOTYPE\_RAKNET TESTING\BULLET SERVER TRY 2\OGRELAB1\RELEASE\CCRAKNETUDT.OBJ
C:\USERS\KENNYSHEEP\DOCUMENTS\VISUAL STUDIO 2010\PROJECTS\_CAPSTONE PROTOTYPE\_RAKNET TESTING\BULLET SERVER TRY 2\OGRELAB1\RELEASE\CHECKSUM.OBJ
C:\Users\KennySheep\Documents\Visual Studio 2010\Projects\_Capstone prototype\_raknet testing\bullet server try 2\ogrelab1\Release\cl.command.1.tlog
C:\Users\KennySheep\Documents\Visual Studio 2010\Projects\_Capstone prototype\_raknet testing\bullet server try 2\ogrelab1\Release\CL.read.1.tlog
C:\Users\KennySheep\Documents\Visual Studio 2010\Projects\_Capstone prototype\_raknet testing\bullet server try 2\ogrelab1\Release\CL.write.1.tlog
C:\USERS\KENNYSHEEP\DOCUMENTS\VISUAL STUDIO 2010\PROJECTS\_CAPSTONE PROTOTYPE\_RAKNET TESTING\BULLET SERVER TRY 2\OGRELAB1\RELEASE\CLOUDCLIENT.OBJ
C:\USERS\KENNYSHEEP\DOCUMENTS\VISUAL STUDIO 2010\PROJECTS\_CAPSTONE PROTOTYPE\_RAKNET TESTING\BULLET SERVER TRY 2\OGRELAB1\RELEASE\CLOUDCOMMON.OBJ
C:\USERS\KENNYSHEEP\DOCUMENTS\VISUAL STUDIO 2010\PROJECTS\_CAPSTONE PROTOTYPE\_RAKNET TESTING\BULLET SERVER TRY 2\OGRELAB1\RELEASE\CLOUDSERVER.OBJ
C:\USERS\KENNYSHEEP\DOCUMENTS\VISUAL STUDIO 2010\PROJECTS\_CAPSTONE PROTOTYPE\_RAKNET TESTING\BULLET SERVER TRY 2\OGRELAB1\RELEASE\COMMANDPARSERINTERFACE.OBJ
C:\USERS\KENNYSHEEP\DOCUMENTS\VISUAL STUDIO 2010\PROJECTS\_CAPSTONE PROTOTYPE\_RAKNET TESTING\BULLET SERVER TRY 2\OGRELAB1\RELEASE\CONNECTIONGRAPH2.OBJ
C:\USERS\KENNYSHEEP\DOCUMENTS\VISUAL STUDIO 2010\PROJECTS\_CAPSTONE PROTOTYPE\_RAKNET TESTING\BULLET SERVER TRY 2\OGRELAB1\RELEASE\CONSOLESERVER.OBJ
C:\USERS\KENNYSHEEP\DOCUMENTS\VISUAL STUDIO 2010\PROJECTS\_CAPSTONE PROTOTYPE\_RAKNET TESTING\BULLET SERVER TRY 2\OGRELAB1\RELEASE\DATACOMPRESSOR.OBJ
C:\USERS\KENNYSHEEP\DOCUMENTS\VISUAL STUDIO 2010\PROJECTS\_CAPSTONE PROTOTYPE\_RAKNET TESTING\BULLET SERVER TRY 2\OGRELAB1\RELEASE\DIRECTORYDELTATRANSFER.OBJ
C:\USERS\KENNYSHEEP\DOCUMENTS\VISUAL STUDIO 2010\PROJECTS\_CAPSTONE PROTOTYPE\_RAKNET TESTING\BULLET SERVER TRY 2\OGRELAB1\RELEASE\DOTSCENELOADER.OBJ
C:\USERS\KENNYSHEEP\DOCUMENTS\VISUAL STUDIO 2010\PROJECTS\_CAPSTONE PROTOTYPE\_RAKNET TESTING\BULLET SERVER TRY 2\OGRELAB1\RELEASE\DS_BYTEPOOL.OBJ
C:\USERS\KENNYSHEEP\DOCUMENTS\VISUAL STUDIO 2010\PROJECTS\_CAPSTONE PROTOTYPE\_RAKNET TESTING\BULLET SERVER TRY 2\OGRELAB1\RELEASE\DS_BYTEQUEUE.OBJ
C:\USERS\KENNYSHEEP\DOCUMENTS\VISUAL STUDIO 2010\PROJECTS\_CAPSTONE PROTOTYPE\_RAKNET TESTING\BULLET SERVER TRY 2\OGRELAB1\RELEASE\DS_HUFFMANENCODINGTREE.OBJ
C:\USERS\KENNYSHEEP\DOCUMENTS\VISUAL STUDIO 2010\PROJECTS\_CAPSTONE PROTOTYPE\_RAKNET TESTING\BULLET SERVER TRY 2\OGRELAB1\RELEASE\DS_TABLE.OBJ
C:\USERS\KENNYSHEEP\DOCUMENTS\VISUAL STUDIO 2010\PROJECTS\_CAPSTONE PROTOTYPE\_RAKNET TESTING\BULLET SERVER TRY 2\OGRELAB1\RELEASE\DYNDNS.OBJ
C:\USERS\KENNYSHEEP\DOCUMENTS\VISUAL STUDIO 2010\PROJECTS\_CAPSTONE PROTOTYPE\_RAKNET TESTING\BULLET SERVER TRY 2\OGRELAB1\RELEASE\EMAILSENDER.OBJ
C:\USERS\KENNYSHEEP\DOCUMENTS\VISUAL STUDIO 2010\PROJECTS\_CAPSTONE PROTOTYPE\_RAKNET TESTING\BULLET SERVER TRY 2\OGRELAB1\RELEASE\ENCODECLASSNAME.OBJ
C:\USERS\KENNYSHEEP\DOCUMENTS\VISUAL STUDIO 2010\PROJECTS\_CAPSTONE PROTOTYPE\_RAKNET TESTING\BULLET SERVER TRY 2\OGRELAB1\RELEASE\EPOCHTIMETOSTRING.OBJ
C:\USERS\KENNYSHEEP\DOCUMENTS\VISUAL STUDIO 2010\PROJECTS\_CAPSTONE PROTOTYPE\_RAKNET TESTING\BULLET SERVER TRY 2\OGRELAB1\RELEASE\FILELIST.OBJ
C:\USERS\KENNYSHEEP\DOCUMENTS\VISUAL STUDIO 2010\PROJECTS\_CAPSTONE PROTOTYPE\_RAKNET TESTING\BULLET SERVER TRY 2\OGRELAB1\RELEASE\FILELISTTRANSFER.OBJ
C:\USERS\KENNYSHEEP\DOCUMENTS\VISUAL STUDIO 2010\PROJECTS\_CAPSTONE PROTOTYPE\_RAKNET TESTING\BULLET SERVER TRY 2\OGRELAB1\RELEASE\FILEOPERATIONS.OBJ
C:\USERS\KENNYSHEEP\DOCUMENTS\VISUAL STUDIO 2010\PROJECTS\_CAPSTONE PROTOTYPE\_RAKNET TESTING\BULLET SERVER TRY 2\OGRELAB1\RELEASE\FORMATSTRING.OBJ
C:\USERS\KENNYSHEEP\DOCUMENTS\VISUAL STUDIO 2010\PROJECTS\_CAPSTONE PROTOTYPE\_RAKNET TESTING\BULLET SERVER TRY 2\OGRELAB1\RELEASE\FULLYCONNECTEDMESH2.OBJ
C:\USERS\KENNYSHEEP\DOCUMENTS\VISUAL STUDIO 2010\PROJECTS\_CAPSTONE PROTOTYPE\_RAKNET TESTING\BULLET SERVER TRY 2\OGRELAB1\RELEASE\GETCHE.OBJ
C:\USERS\KENNYSHEEP\DOCUMENTS\VISUAL STUDIO 2010\PROJECTS\_CAPSTONE PROTOTYPE\_RAKNET TESTING\BULLET SERVER TRY 2\OGRELAB1\RELEASE\GETS.OBJ
C:\USERS\KENNYSHEEP\DOCUMENTS\VISUAL STUDIO 2010\PROJECTS\_CAPSTONE PROTOTYPE\_RAKNET TESTING\BULLET SERVER TRY 2\OGRELAB1\RELEASE\GETTIME.OBJ
C:\USERS\KENNYSHEEP\DOCUMENTS\VISUAL STUDIO 2010\PROJECTS\_CAPSTONE PROTOTYPE\_RAKNET TESTING\BULLET SERVER TRY 2\OGRELAB1\RELEASE\GETTIMEOFDAY.OBJ
C:\USERS\KENNYSHEEP\DOCUMENTS\VISUAL STUDIO 2010\PROJECTS\_CAPSTONE PROTOTYPE\_RAKNET TESTING\BULLET SERVER TRY 2\OGRELAB1\RELEASE\GRIDSECTORIZER.OBJ
C:\USERS\KENNYSHEEP\DOCUMENTS\VISUAL STUDIO 2010\PROJECTS\_CAPSTONE PROTOTYPE\_RAKNET TESTING\BULLET SERVER TRY 2\OGRELAB1\RELEASE\HTTPCONNECTION.OBJ
C:\USERS\KENNYSHEEP\DOCUMENTS\VISUAL STUDIO 2010\PROJECTS\_CAPSTONE PROTOTYPE\_RAKNET TESTING\BULLET SERVER TRY 2\OGRELAB1\RELEASE\INCREMENTALREADINTERFACE.OBJ
C:\USERS\KENNYSHEEP\DOCUMENTS\VISUAL STUDIO 2010\PROJECTS\_CAPSTONE PROTOTYPE\_RAKNET TESTING\BULLET SERVER TRY 2\OGRELAB1\RELEASE\ITOA.OBJ
C:\Users\KennySheep\Documents\Visual Studio 2010\Projects\_Capstone prototype\_raknet testing\bullet server try 2\ogrelab1\Release\link.command.1.tlog
C:\Users\KennySheep\Documents\Visual Studio 2010\Projects\_Capstone prototype\_raknet testing\bullet server try 2\ogrelab1\Release\link.read.1.tlog
C:\Users\KennySheep\Documents\Visual Studio 2010\Projects\_Capstone prototype\_raknet testing\bullet server try 2\ogrelab1\Release\link.write.1.tlog
C:\USERS\KENNYSHEEP\DOCUMENTS\VISUAL STUDIO 2010\PROJECTS\_CAPSTONE PROTOTYPE\_RAKNET TESTING\BULLET SERVER TRY 2\OGRELAB1\RELEASE\LINUXSTRINGS.OBJ
C:\USERS\KENNYSHEEP\DOCUMENTS\VISUAL STUDIO 2010\PROJECTS\_CAPSTONE PROTOTYPE\_RAKNET TESTING\BULLET SERVER TRY 2\OGRELAB1\RELEASE\LOCKLESSTYPES.OBJ
C:\USERS\KENNYSHEEP\DOCUMENTS\VISUAL STUDIO 2010\PROJECTS\_CAPSTONE PROTOTYPE\_RAKNET TESTING\BULLET SERVER TRY 2\OGRELAB1\RELEASE\LOGCOMMANDPARSER.OBJ
C:\USERS\KENNYSHEEP\DOCUMENTS\VISUAL STUDIO 2010\PROJECTS\_CAPSTONE PROTOTYPE\_RAKNET TESTING\BULLET SERVER TRY 2\OGRELAB1\RELEASE\MAIN.OBJ
C:\USERS\KENNYSHEEP\DOCUMENTS\VISUAL STUDIO 2010\PROJECTS\_CAPSTONE PROTOTYPE\_RAKNET TESTING\BULLET SERVER TRY 2\OGRELAB1\RELEASE\MESSAGEFILTER.OBJ
C:\Users\KennySheep\Documents\Visual Studio 2010\Projects\_Capstone prototype\_raknet testing\bullet server try 2\ogrelab1\Release\mt.command.1.tlog
C:\Users\KennySheep\Documents\Visual Studio 2010\Projects\_Capstone prototype\_raknet testing\bullet server try 2\ogrelab1\Release\mt.read.1.tlog
C:\Users\KennySheep\Documents\Visual Studio 2010\Projects\_Capstone prototype\_raknet testing\bullet server try 2\ogrelab1\Release\mt.write.1.tlog
C:\USERS\KENNYSHEEP\DOCUMENTS\VISUAL STUDIO 2010\PROJECTS\_CAPSTONE PROTOTYPE\_RAKNET TESTING\BULLET SERVER TRY 2\OGRELAB1\RELEASE\NATPUNCHTHROUGHCLIENT.OBJ
C:\USERS\KENNYSHEEP\DOCUMENTS\VISUAL STUDIO 2010\PROJECTS\_CAPSTONE PROTOTYPE\_RAKNET TESTING\BULLET SERVER TRY 2\OGRELAB1\RELEASE\NATPUNCHTHROUGHSERVER.OBJ
C:\USERS\KENNYSHEEP\DOCUMENTS\VISUAL STUDIO 2010\PROJECTS\_CAPSTONE PROTOTYPE\_RAKNET TESTING\BULLET SERVER TRY 2\OGRELAB1\RELEASE\NATTYPEDETECTIONCLIENT.OBJ
C:\USERS\KENNYSHEEP\DOCUMENTS\VISUAL STUDIO 2010\PROJECTS\_CAPSTONE PROTOTYPE\_RAKNET TESTING\BULLET SERVER TRY 2\OGRELAB1\RELEASE\NATTYPEDETECTIONCOMMON.OBJ
C:\USERS\KENNYSHEEP\DOCUMENTS\VISUAL STUDIO 2010\PROJECTS\_CAPSTONE PROTOTYPE\_RAKNET TESTING\BULLET SERVER TRY 2\OGRELAB1\RELEASE\NATTYPEDETECTIONSERVER.OBJ
C:\USERS\KENNYSHEEP\DOCUMENTS\VISUAL STUDIO 2010\PROJECTS\_CAPSTONE PROTOTYPE\_RAKNET TESTING\BULLET SERVER TRY 2\OGRELAB1\RELEASE\NETWORKIDMANAGER.OBJ
C:\USERS\KENNYSHEEP\DOCUMENTS\VISUAL STUDIO 2010\PROJECTS\_CAPSTONE PROTOTYPE\_RAKNET TESTING\BULLET SERVER TRY 2\OGRELAB1\RELEASE\NETWORKIDOBJECT.OBJ
C:\USERS\KENNYSHEEP\DOCUMENTS\VISUAL STUDIO 2010\PROJECTS\_CAPSTONE PROTOTYPE\_RAKNET TESTING\BULLET SERVER TRY 2\OGRELAB1\RELEASE\OGREAPP.OBJ
C:\USERS\KENNYSHEEP\DOCUMENTS\VISUAL STUDIO 2010\PROJECTS\_CAPSTONE PROTOTYPE\_RAKNET TESTING\BULLET SERVER TRY 2\OGRELAB1\RELEASE\PACKETCONSOLELOGGER.OBJ
C:\USERS\KENNYSHEEP\DOCUMENTS\VISUAL STUDIO 2010\PROJECTS\_CAPSTONE PROTOTYPE\_RAKNET TESTING\BULLET SERVER TRY 2\OGRELAB1\RELEASE\PACKETFILELOGGER.OBJ
C:\USERS\KENNYSHEEP\DOCUMENTS\VISUAL STUDIO 2010\PROJECTS\_CAPSTONE PROTOTYPE\_RAKNET TESTING\BULLET SERVER TRY 2\OGRELAB1\RELEASE\PACKETIZEDTCP.OBJ
C:\USERS\KENNYSHEEP\DOCUMENTS\VISUAL STUDIO 2010\PROJECTS\_CAPSTONE PROTOTYPE\_RAKNET TESTING\BULLET SERVER TRY 2\OGRELAB1\RELEASE\PACKETLOGGER.OBJ
C:\USERS\KENNYSHEEP\DOCUMENTS\VISUAL STUDIO 2010\PROJECTS\_CAPSTONE PROTOTYPE\_RAKNET TESTING\BULLET SERVER TRY 2\OGRELAB1\RELEASE\PACKETOUTPUTWINDOWLOGGER.OBJ
C:\USERS\KENNYSHEEP\DOCUMENTS\VISUAL STUDIO 2010\PROJECTS\_CAPSTONE PROTOTYPE\_RAKNET TESTING\BULLET SERVER TRY 2\OGRELAB1\RELEASE\PLUGININTERFACE2.OBJ
C:\USERS\KENNYSHEEP\DOCUMENTS\VISUAL STUDIO 2010\PROJECTS\_CAPSTONE PROTOTYPE\_RAKNET TESTING\BULLET SERVER TRY 2\OGRELAB1\RELEASE\RACKSPACE.OBJ
C:\USERS\KENNYSHEEP\DOCUMENTS\VISUAL STUDIO 2010\PROJECTS\_CAPSTONE PROTOTYPE\_RAKNET TESTING\BULLET SERVER TRY 2\OGRELAB1\RELEASE\RAGDOLL.OBJ
C:\USERS\KENNYSHEEP\DOCUMENTS\VISUAL STUDIO 2010\PROJECTS\_CAPSTONE PROTOTYPE\_RAKNET TESTING\BULLET SERVER TRY 2\OGRELAB1\RELEASE\RAKMEMORYOVERRIDE.OBJ
C:\USERS\KENNYSHEEP\DOCUMENTS\VISUAL STUDIO 2010\PROJECTS\_CAPSTONE PROTOTYPE\_RAKNET TESTING\BULLET SERVER TRY 2\OGRELAB1\RELEASE\RAKNETCOMMANDPARSER.OBJ
C:\USERS\KENNYSHEEP\DOCUMENTS\VISUAL STUDIO 2010\PROJECTS\_CAPSTONE PROTOTYPE\_RAKNET TESTING\BULLET SERVER TRY 2\OGRELAB1\RELEASE\RAKNETSOCKET.OBJ
C:\USERS\KENNYSHEEP\DOCUMENTS\VISUAL STUDIO 2010\PROJECTS\_CAPSTONE PROTOTYPE\_RAKNET TESTING\BULLET SERVER TRY 2\OGRELAB1\RELEASE\RAKNETSTATISTICS.OBJ
C:\USERS\KENNYSHEEP\DOCUMENTS\VISUAL STUDIO 2010\PROJECTS\_CAPSTONE PROTOTYPE\_RAKNET TESTING\BULLET SERVER TRY 2\OGRELAB1\RELEASE\RAKNETTRANSPORT2.OBJ
C:\USERS\KENNYSHEEP\DOCUMENTS\VISUAL STUDIO 2010\PROJECTS\_CAPSTONE PROTOTYPE\_RAKNET TESTING\BULLET SERVER TRY 2\OGRELAB1\RELEASE\RAKNETTYPES.OBJ
C:\USERS\KENNYSHEEP\DOCUMENTS\VISUAL STUDIO 2010\PROJECTS\_CAPSTONE PROTOTYPE\_RAKNET TESTING\BULLET SERVER TRY 2\OGRELAB1\RELEASE\RAKPEER.OBJ
C:\USERS\KENNYSHEEP\DOCUMENTS\VISUAL STUDIO 2010\PROJECTS\_CAPSTONE PROTOTYPE\_RAKNET TESTING\BULLET SERVER TRY 2\OGRELAB1\RELEASE\RAKSLEEP.OBJ
C:\USERS\KENNYSHEEP\DOCUMENTS\VISUAL STUDIO 2010\PROJECTS\_CAPSTONE PROTOTYPE\_RAKNET TESTING\BULLET SERVER TRY 2\OGRELAB1\RELEASE\RAKSTRING.OBJ
C:\USERS\KENNYSHEEP\DOCUMENTS\VISUAL STUDIO 2010\PROJECTS\_CAPSTONE PROTOTYPE\_RAKNET TESTING\BULLET SERVER TRY 2\OGRELAB1\RELEASE\RAKTHREAD.OBJ
C:\USERS\KENNYSHEEP\DOCUMENTS\VISUAL STUDIO 2010\PROJECTS\_CAPSTONE PROTOTYPE\_RAKNET TESTING\BULLET SERVER TRY 2\OGRELAB1\RELEASE\RAKWSTRING.OBJ
C:\USERS\KENNYSHEEP\DOCUMENTS\VISUAL STUDIO 2010\PROJECTS\_CAPSTONE PROTOTYPE\_RAKNET TESTING\BULLET SERVER TRY 2\OGRELAB1\RELEASE\RAND.OBJ
C:\USERS\KENNYSHEEP\DOCUMENTS\VISUAL STUDIO 2010\PROJECTS\_CAPSTONE PROTOTYPE\_RAKNET TESTING\BULLET SERVER TRY 2\OGRELAB1\RELEASE\RDLMALLOC.OBJ
C:\USERS\KENNYSHEEP\DOCUMENTS\VISUAL STUDIO 2010\PROJECTS\_CAPSTONE PROTOTYPE\_RAKNET TESTING\BULLET SERVER TRY 2\OGRELAB1\RELEASE\READYEVENT.OBJ
C:\USERS\KENNYSHEEP\DOCUMENTS\VISUAL STUDIO 2010\PROJECTS\_CAPSTONE PROTOTYPE\_RAKNET TESTING\BULLET SERVER TRY 2\OGRELAB1\RELEASE\RELIABILITYLAYER.OBJ
C:\USERS\KENNYSHEEP\DOCUMENTS\VISUAL STUDIO 2010\PROJECTS\_CAPSTONE PROTOTYPE\_RAKNET TESTING\BULLET SERVER TRY 2\OGRELAB1\RELEASE\REPLICAMANAGER3.OBJ
C:\USERS\KENNYSHEEP\DOCUMENTS\VISUAL STUDIO 2010\PROJECTS\_CAPSTONE PROTOTYPE\_RAKNET TESTING\BULLET SERVER TRY 2\OGRELAB1\RELEASE\ROUTER2.OBJ
C:\USERS\KENNYSHEEP\DOCUMENTS\VISUAL STUDIO 2010\PROJECTS\_CAPSTONE PROTOTYPE\_RAKNET TESTING\BULLET SERVER TRY 2\OGRELAB1\RELEASE\RPC4PLUGIN.OBJ
C:\USERS\KENNYSHEEP\DOCUMENTS\VISUAL STUDIO 2010\PROJECTS\_CAPSTONE PROTOTYPE\_RAKNET TESTING\BULLET SERVER TRY 2\OGRELAB1\RELEASE\SECUREHANDSHAKE.OBJ
C:\USERS\KENNYSHEEP\DOCUMENTS\VISUAL STUDIO 2010\PROJECTS\_CAPSTONE PROTOTYPE\_RAKNET TESTING\BULLET SERVER TRY 2\OGRELAB1\RELEASE\SENDTOTHREAD.OBJ
C:\USERS\KENNYSHEEP\DOCUMENTS\VISUAL STUDIO 2010\PROJECTS\_CAPSTONE PROTOTYPE\_RAKNET TESTING\BULLET SERVER TRY 2\OGRELAB1\RELEASE\SHA1.OBJ
C:\USERS\KENNYSHEEP\DOCUMENTS\VISUAL STUDIO 2010\PROJECTS\_CAPSTONE PROTOTYPE\_RAKNET TESTING\BULLET SERVER TRY 2\OGRELAB1\RELEASE\SIGNALEDEVENT.OBJ
C:\USERS\KENNYSHEEP\DOCUMENTS\VISUAL STUDIO 2010\PROJECTS\_CAPSTONE PROTOTYPE\_RAKNET TESTING\BULLET SERVER TRY 2\OGRELAB1\RELEASE\SIMPLEMUTEX.OBJ
C:\USERS\KENNYSHEEP\DOCUMENTS\VISUAL STUDIO 2010\PROJECTS\_CAPSTONE PROTOTYPE\_RAKNET TESTING\BULLET SERVER TRY 2\OGRELAB1\RELEASE\SOCKETLAYER.OBJ
C:\USERS\KENNYSHEEP\DOCUMENTS\VISUAL STUDIO 2010\PROJECTS\_CAPSTONE PROTOTYPE\_RAKNET TESTING\BULLET SERVER TRY 2\OGRELAB1\RELEASE\STRINGCOMPRESSOR.OBJ
C:\USERS\KENNYSHEEP\DOCUMENTS\VISUAL STUDIO 2010\PROJECTS\_CAPSTONE PROTOTYPE\_RAKNET TESTING\BULLET SERVER TRY 2\OGRELAB1\RELEASE\STRINGTABLE.OBJ
C:\USERS\KENNYSHEEP\DOCUMENTS\VISUAL STUDIO 2010\PROJECTS\_CAPSTONE PROTOTYPE\_RAKNET TESTING\BULLET SERVER TRY 2\OGRELAB1\RELEASE\SUPERFASTHASH.OBJ
C:\USERS\KENNYSHEEP\DOCUMENTS\VISUAL STUDIO 2010\PROJECTS\_CAPSTONE PROTOTYPE\_RAKNET TESTING\BULLET SERVER TRY 2\OGRELAB1\RELEASE\TABLESERIALIZER.OBJ
C:\USERS\KENNYSHEEP\DOCUMENTS\VISUAL STUDIO 2010\PROJECTS\_CAPSTONE PROTOTYPE\_RAKNET TESTING\BULLET SERVER TRY 2\OGRELAB1\RELEASE\TCPINTERFACE.OBJ
C:\USERS\KENNYSHEEP\DOCUMENTS\VISUAL STUDIO 2010\PROJECTS\_CAPSTONE PROTOTYPE\_RAKNET TESTING\BULLET SERVER TRY 2\OGRELAB1\RELEASE\TCPSERVER.OBJ
C:\USERS\KENNYSHEEP\DOCUMENTS\VISUAL STUDIO 2010\PROJECTS\_CAPSTONE PROTOTYPE\_RAKNET TESTING\BULLET SERVER TRY 2\OGRELAB1\RELEASE\TEAMBALANCER.OBJ
C:\USERS\KENNYSHEEP\DOCUMENTS\VISUAL STUDIO 2010\PROJECTS\_CAPSTONE PROTOTYPE\_RAKNET TESTING\BULLET SERVER TRY 2\OGRELAB1\RELEASE\TELNETTRANSPORT.OBJ
C:\USERS\KENNYSHEEP\DOCUMENTS\VISUAL STUDIO 2010\PROJECTS\_CAPSTONE PROTOTYPE\_RAKNET TESTING\BULLET SERVER TRY 2\OGRELAB1\RELEASE\THREADSAFEPACKETLOGGER.OBJ
C:\USERS\KENNYSHEEP\DOCUMENTS\VISUAL STUDIO 2010\PROJECTS\_CAPSTONE PROTOTYPE\_RAKNET TESTING\BULLET SERVER TRY 2\OGRELAB1\RELEASE\TWOWAYAUTHENTICATION.OBJ
C:\USERS\KENNYSHEEP\DOCUMENTS\VISUAL STUDIO 2010\PROJECTS\_CAPSTONE PROTOTYPE\_RAKNET TESTING\BULLET SERVER TRY 2\OGRELAB1\RELEASE\UDPFORWARDER.OBJ
C:\USERS\KENNYSHEEP\DOCUMENTS\VISUAL STUDIO 2010\PROJECTS\_CAPSTONE PROTOTYPE\_RAKNET TESTING\BULLET SERVER TRY 2\OGRELAB1\RELEASE\UDPPROXYCLIENT.OBJ
C:\USERS\KENNYSHEEP\DOCUMENTS\VISUAL STUDIO 2010\PROJECTS\_CAPSTONE PROTOTYPE\_RAKNET TESTING\BULLET SERVER TRY 2\OGRELAB1\RELEASE\UDPPROXYCOORDINATOR.OBJ
C:\USERS\KENNYSHEEP\DOCUMENTS\VISUAL STUDIO 2010\PROJECTS\_CAPSTONE PROTOTYPE\_RAKNET TESTING\BULLET SERVER TRY 2\OGRELAB1\RELEASE\UDPPROXYSERVER.OBJ
C:\USERS\KENNYSHEEP\DOCUMENTS\VISUAL STUDIO 2010\PROJECTS\_CAPSTONE PROTOTYPE\_RAKNET TESTING\BULLET SERVER TRY 2\OGRELAB1\RELEASE\VARIABLEDELTASERIALIZER.OBJ
C:\USERS\KENNYSHEEP\DOCUMENTS\VISUAL STUDIO 2010\PROJECTS\_CAPSTONE PROTOTYPE\_RAKNET TESTING\BULLET SERVER TRY 2\OGRELAB1\RELEASE\VARIABLELISTDELTATRACKER.OBJ
C:\USERS\KENNYSHEEP\DOCUMENTS\VISUAL STUDIO 2010\PROJECTS\_CAPSTONE PROTOTYPE\_RAKNET TESTING\BULLET SERVER TRY 2\OGRELAB1\RELEASE\VARIADICSQLPARSER.OBJ
C:\USERS\KENNYSHEEP\DOCUMENTS\VISUAL STUDIO 2010\PROJECTS\_CAPSTONE PROTOTYPE\_RAKNET TESTING\BULLET SERVER TRY 2\OGRELAB1\RELEASE\VC100.PDB
C:\USERS\KENNYSHEEP\DOCUMENTS\VISUAL STUDIO 2010\PROJECTS\_CAPSTONE PROTOTYPE\_RAKNET TESTING\BULLET SERVER TRY 2\OGRELAB1\RELEASE\VITAINCLUDES.OBJ
C:\USERS\KENNYSHEEP\DOCUMENTS\VISUAL STUDIO 2010\PROJECTS\_CAPSTONE PROTOTYPE\_RAKNET TESTING\BULLET SERVER TRY 2\OGRELAB1\RELEASE\WSASTARTUPSINGLETON.OBJ
C:\USERS\KENNYSHEEP\DOCUMENTS\VISUAL STUDIO 2010\PROJECTS\_CAPSTONE PROTOTYPE\BULLET SERVER TRY 2\BUILD HERE\BULLET SERVER.EXE
C:\USERS\KENNYSHEEP\DOCUMENTS\VISUAL STUDIO 2010\PROJECTS\_CAPSTONE PROTOTYPE\BULLET SERVER TRY 2\OGRELAB1\RELEASE\BASEFRAMELISTENER.OBJ
C:\USERS\KENNYSHEEP\DOCUMENTS\VISUAL STUDIO 2010\PROJECTS\_CAPSTONE PROTOTYPE\BULLET SERVER TRY 2\OGRELAB1\RELEASE\BTOGRE.OBJ
C:\USERS\KENNYSHEEP\DOCUMENTS\VISUAL STUDIO 2010\PROJECTS\_CAPSTONE PROTOTYPE\BULLET SERVER TRY 2\OGRELAB1\RELEASE\CAMERAAPP.OBJ
C:\USERS\KENNYSHEEP\DOCUMENTS\VISUAL STUDIO 2010\PROJECTS\_CAPSTONE PROTOTYPE\BULLET SERVER TRY 2\OGRELAB1\RELEASE\DOTSCENELOADER.OBJ
C:\USERS\KENNYSHEEP\DOCUMENTS\VISUAL STUDIO 2010\PROJECTS\_CAPSTONE PROTOTYPE\BULLET SERVER TRY 2\OGRELAB1\RELEASE\MAIN.OBJ
C:\USERS\KENNYSHEEP\DOCUMENTS\VISUAL STUDIO 2010\PROJECTS\_CAPSTONE PROTOTYPE\BULLET SERVER TRY 2\OGRELAB1\RELEASE\OGREAPP.OBJ
C:\USERS\KENNYSHEEP\DOCUMENTS\VISUAL STUDIO 2010\PROJECTS\_CAPSTONE PROTOTYPE\BULLET SERVER TRY 2\OGRELAB1\RELEASE\RAGDOLL.OBJ
C:\USERS\KENNYSHEEP\DOCUMENTS\VISUAL STUDIO 2010\PROJECTS\_CAPSTONE PROTOTYPE\BULLET SERVER TRY 2\OGRELAB1\RELEASE\TCPSERVER.OBJ
C:\USERS\KENNYSHEEP\DOCUMENTS\VISUAL STUDIO 2010\PROJECTS\_CAPSTONE PROTOTYPE\BULLET SERVER TRY 2\OGRELAB1\RELEASE\VC100.PDB
