C:\USERS\KENNYSHEEP\DOCUMENTS\HUMBER\MATH SECOND LAST SEMESTER\OGRESDK_VC10_V1-7-2\BIN\DEBUG\OGRELAB1.EXE
C:\USERS\KENNYSHEEP\DOCUMENTS\HUMBER\MATH SECOND LAST SEMESTER\OGRESDK_VC10_V1-7-2\BIN\DEBUG\OGRELAB1.ILK
C:\USERS\KENNYSHEEP\DOCUMENTS\HUMBER\MATH SECOND LAST SEMESTER\OGRESDK_VC10_V1-7-2\BIN\DEBUG\OGRELAB1.PDB
C:\USERS\KENNYSHEEP\DOCUMENTS\HUMBER\MATH SECOND LAST SEMESTER\OGRESDK_VC10_V1-7-2\BIN\RELEASE\OGRELAB1.EXE
C:\USERS\KENNYSHEEP\DOCUMENTS\VISUAL STUDIO 2010\PROJECTS\OGRELAB7\OGRELAB1\DEBUG\BASEFRAMELISTENER.OBJ
C:\USERS\KENNYSHEEP\DOCUMENTS\VISUAL STUDIO 2010\PROJECTS\OGRELAB7\OGRELAB1\DEBUG\CAMERAAPP.OBJ
C:\Users\KennySheep\Documents\Visual Studio 2010\Projects\ogrelab7\ogrelab1\Debug\cl.command.1.tlog
C:\Users\KennySheep\Documents\Visual Studio 2010\Projects\ogrelab7\ogrelab1\Debug\CL.read.1.tlog
C:\Users\KennySheep\Documents\Visual Studio 2010\Projects\ogrelab7\ogrelab1\Debug\CL.write.1.tlog
C:\USERS\KENNYSHEEP\DOCUMENTS\VISUAL STUDIO 2010\PROJECTS\OGRELAB7\OGRELAB1\DEBUG\DOTSCENELOADER.OBJ
C:\Users\KennySheep\Documents\Visual Studio 2010\Projects\ogrelab7\ogrelab1\Debug\link.command.1.tlog
C:\Users\KennySheep\Documents\Visual Studio 2010\Projects\ogrelab7\ogrelab1\Debug\link.read.1.tlog
C:\Users\KennySheep\Documents\Visual Studio 2010\Projects\ogrelab7\ogrelab1\Debug\link.write.1.tlog
C:\USERS\KENNYSHEEP\DOCUMENTS\VISUAL STUDIO 2010\PROJECTS\OGRELAB7\OGRELAB1\DEBUG\MAIN.OBJ
C:\Users\KennySheep\Documents\Visual Studio 2010\Projects\ogrelab7\ogrelab1\Debug\mt.command.1.tlog
C:\Users\KennySheep\Documents\Visual Studio 2010\Projects\ogrelab7\ogrelab1\Debug\mt.read.1.tlog
C:\Users\KennySheep\Documents\Visual Studio 2010\Projects\ogrelab7\ogrelab1\Debug\mt.write.1.tlog
C:\USERS\KENNYSHEEP\DOCUMENTS\VISUAL STUDIO 2010\PROJECTS\OGRELAB7\OGRELAB1\DEBUG\OGREAPP.OBJ
C:\USERS\KENNYSHEEP\DOCUMENTS\VISUAL STUDIO 2010\PROJECTS\OGRELAB7\OGRELAB1\DEBUG\OGRELAB1.EXE.INTERMEDIATE.MANIFEST
C:\Users\KennySheep\Documents\Visual Studio 2010\Projects\ogrelab7\ogrelab1\Debug\vc100.idb
C:\USERS\KENNYSHEEP\DOCUMENTS\VISUAL STUDIO 2010\PROJECTS\OGRELAB7\OGRELAB1\DEBUG\VC100.PDB
