20:57:59: Creating resource group General
20:57:59: Creating resource group Internal
20:57:59: Creating resource group Autodetect
20:57:59: SceneManagerFactory for type 'DefaultSceneManager' registered.
20:57:59: Registering ResourceManager for type Material
20:57:59: Registering ResourceManager for type Mesh
20:57:59: Registering ResourceManager for type Skeleton
20:57:59: MovableObjectFactory for type 'ParticleSystem' registered.
20:57:59: OverlayElementFactory for type Panel registered.
20:57:59: OverlayElementFactory for type BorderPanel registered.
20:57:59: OverlayElementFactory for type TextArea registered.
20:57:59: Registering ResourceManager for type Font
20:57:59: ArchiveFactory for archive type FileSystem registered.
20:57:59: ArchiveFactory for archive type Zip registered.
20:57:59: DDS codec registering
20:57:59: FreeImage version: 3.13.1
20:57:59: This program uses FreeImage, a free, open source image library supporting all common bitmap formats. See http://freeimage.sourceforge.net for details
20:57:59: Supported formats: bmp,ico,jpg,jif,jpeg,jpe,jng,koa,iff,lbm,mng,pbm,pbm,pcd,pcx,pgm,pgm,png,ppm,ppm,ras,tga,targa,tif,tiff,wap,wbmp,wbm,psd,cut,xbm,xpm,gif,hdr,g3,sgi,exr,j2k,j2c,jp2,pfm,pct,pict,pic,bay,bmq,cr2,crw,cs1,dc2,dcr,dng,erf,fff,hdr,k25,kdc,mdc,mos,mrw,nef,orf,pef,pxn,raf,raw,rdc,sr2,srf,arw,3fr,cine,ia,kc2,mef,nrw,qtk,rw2,sti,drf,dsc,ptx,cap,iiq,rwz
20:57:59: Registering ResourceManager for type HighLevelGpuProgram
20:57:59: Registering ResourceManager for type Compositor
20:57:59: MovableObjectFactory for type 'Entity' registered.
20:57:59: MovableObjectFactory for type 'Light' registered.
20:57:59: MovableObjectFactory for type 'BillboardSet' registered.
20:57:59: MovableObjectFactory for type 'ManualObject' registered.
20:57:59: MovableObjectFactory for type 'BillboardChain' registered.
20:57:59: MovableObjectFactory for type 'RibbonTrail' registered.
20:57:59: Loading library .\RenderSystem_Direct3D9
20:57:59: Installing plugin: D3D9 RenderSystem
20:57:59: D3D9 : Direct3D9 Rendering Subsystem created.
20:57:59: D3D9: Driver Detection Starts
20:57:59: D3D9: Driver Detection Ends
20:57:59: Plugin successfully installed
20:57:59: Loading library .\RenderSystem_GL
20:57:59: Installing plugin: GL RenderSystem
20:57:59: OpenGL Rendering Subsystem created.
20:58:00: Plugin successfully installed
20:58:00: Loading library .\Plugin_ParticleFX
20:58:00: Installing plugin: ParticleFX
20:58:00: Particle Emitter Type 'Point' registered
20:58:00: Particle Emitter Type 'Box' registered
20:58:00: Particle Emitter Type 'Ellipsoid' registered
20:58:00: Particle Emitter Type 'Cylinder' registered
20:58:00: Particle Emitter Type 'Ring' registered
20:58:00: Particle Emitter Type 'HollowEllipsoid' registered
20:58:00: Particle Affector Type 'LinearForce' registered
20:58:00: Particle Affector Type 'ColourFader' registered
20:58:00: Particle Affector Type 'ColourFader2' registered
20:58:00: Particle Affector Type 'ColourImage' registered
20:58:00: Particle Affector Type 'ColourInterpolator' registered
20:58:00: Particle Affector Type 'Scaler' registered
20:58:00: Particle Affector Type 'Rotator' registered
20:58:00: Particle Affector Type 'DirectionRandomiser' registered
20:58:00: Particle Affector Type 'DeflectorPlane' registered
20:58:00: Plugin successfully installed
20:58:00: Loading library .\Plugin_BSPSceneManager
20:58:00: Installing plugin: BSP Scene Manager
20:58:00: Plugin successfully installed
20:58:00: Loading library .\Plugin_CgProgramManager
20:58:00: Installing plugin: Cg Program Manager
20:58:00: Plugin successfully installed
20:58:00: Loading library .\Plugin_PCZSceneManager
20:58:00: Installing plugin: Portal Connected Zone Scene Manager
20:58:00: PCZone Factory Type 'ZoneType_Default' registered
20:58:00: Plugin successfully installed
20:58:00: Loading library .\Plugin_OctreeZone
20:58:00: Installing plugin: Octree Zone Factory
20:58:00: Plugin successfully installed
20:58:00: Loading library .\Plugin_OctreeSceneManager
20:58:00: Installing plugin: Octree & Terrain Scene Manager
20:58:00: Plugin successfully installed
20:58:00: *-*-* OGRE Initialising
20:58:00: *-*-* Version 1.7.2 (Cthugha)
20:58:00: D3D9 : RenderSystem Option: Allow NVPerfHUD = No
20:58:00: D3D9 : RenderSystem Option: FSAA = 0
20:58:00: D3D9 : RenderSystem Option: Floating-point mode = Fastest
20:58:00: D3D9 : RenderSystem Option: Full Screen = nO
20:58:00: D3D9 : RenderSystem Option: Rendering Device = Monitor-1-NVIDIA GeForce 8600M GT
20:58:00: D3D9 : RenderSystem Option: Resource Creation Policy = Create on all devices
20:58:00: D3D9 : RenderSystem Option: VSync = No
20:58:00: D3D9 : RenderSystem Option: VSync Interval = 1
20:58:00: D3D9 : RenderSystem Option: Video Mode = 800 x 600 @ 32-bit colour
20:58:00: D3D9 : RenderSystem Option: sRGB Gamma Conversion = No
20:58:00: +++ root configured
20:58:00: CPU Identifier & Features
20:58:00: -------------------------
20:58:00:  *   CPU ID: GenuineIntel: Intel(R) Core(TM)2 Duo CPU     T5850  @ 2.16GHz
20:58:00:  *      SSE: yes
20:58:00:  *     SSE2: yes
20:58:00:  *     SSE3: yes
20:58:00:  *      MMX: yes
20:58:00:  *   MMXEXT: yes
20:58:00:  *    3DNOW: no
20:58:00:  * 3DNOWEXT: no
20:58:00:  *     CMOV: yes
20:58:00:  *      TSC: yes
20:58:00:  *      FPU: yes
20:58:00:  *      PRO: yes
20:58:00:  *       HT: no
20:58:00: -------------------------
20:58:00: D3D9 : Subsystem Initialising
20:58:00: Registering ResourceManager for type Texture
20:58:00: Registering ResourceManager for type GpuProgram
20:58:00: D3D9RenderSystem::_createRenderWindow "OGRE Render Window", 800x600 windowed  miscParams: FSAA=0 FSAAHint= colourDepth=32 gamma=false monitorIndex=0 useNVPerfHUD=false vsync=false vsyncInterval=1 
20:58:00: D3D9 : Created D3D9 Rendering Window 'OGRE Render Window' : 800x600, 32bpp
20:58:00: D3D9 : WARNING - disabling VSync in windowed mode can cause timing issues at lower frame rates, turn VSync on if you observe this problem.
20:58:00: D3D9: Vertex texture format supported - PF_FLOAT16_RGB
20:58:00: D3D9: Vertex texture format supported - PF_FLOAT16_RGBA
20:58:00: D3D9: Vertex texture format supported - PF_FLOAT32_RGB
20:58:00: D3D9: Vertex texture format supported - PF_FLOAT32_RGBA
20:58:00: D3D9: Vertex texture format supported - PF_FLOAT16_R
20:58:00: D3D9: Vertex texture format supported - PF_FLOAT32_R
20:58:00: D3D9: Vertex texture format supported - PF_FLOAT16_GR
20:58:00: D3D9: Vertex texture format supported - PF_FLOAT32_GR
20:58:00: RenderSystem capabilities
20:58:00: -------------------------
20:58:00: RenderSystem Name: Direct3D9 Rendering Subsystem
20:58:00: GPU Vendor: nvidia
20:58:00: Device Name: Monitor-1-NVIDIA GeForce 8600M GT
20:58:00: Driver Version: 8.17.12.8026
20:58:00:  * Fixed function pipeline: yes
20:58:00:  * Hardware generation of mipmaps: yes
20:58:00:  * Texture blending: yes
20:58:00:  * Anisotropic texture filtering: yes
20:58:00:  * Dot product texture operation: yes
20:58:00:  * Cube mapping: yes
20:58:00:  * Hardware stencil buffer: yes
20:58:00:    - Stencil depth: 8
20:58:00:    - Two sided stencil support: yes
20:58:00:    - Wrap stencil values: yes
20:58:00:  * Hardware vertex / index buffers: yes
20:58:00:  * Vertex programs: yes
20:58:00:  * Number of floating-point constants for vertex programs: 256
20:58:00:  * Number of integer constants for vertex programs: 16
20:58:00:  * Number of boolean constants for vertex programs: 16
20:58:00:  * Fragment programs: yes
20:58:00:  * Number of floating-point constants for fragment programs: 224
20:58:00:  * Number of integer constants for fragment programs: 16
20:58:00:  * Number of boolean constants for fragment programs: 16
20:58:00:  * Geometry programs: no
20:58:00:  * Number of floating-point constants for geometry programs: 0
20:58:00:  * Number of integer constants for geometry programs: 0
20:58:00:  * Number of boolean constants for geometry programs: 0
20:58:00:  * Supported Shader Profiles: hlsl ps_1_1 ps_1_2 ps_1_3 ps_1_4 ps_2_0 ps_2_a ps_2_b ps_2_x ps_3_0 vs_1_1 vs_2_0 vs_2_a vs_2_x vs_3_0
20:58:00:  * Texture Compression: yes
20:58:00:    - DXT: yes
20:58:00:    - VTC: no
20:58:00:    - PVRTC: no
20:58:00:  * Scissor Rectangle: yes
20:58:00:  * Hardware Occlusion Query: yes
20:58:00:  * User clip planes: yes
20:58:00:  * VET_UBYTE4 vertex element type: yes
20:58:00:  * Infinite far plane projection: yes
20:58:00:  * Hardware render-to-texture: yes
20:58:00:  * Floating point textures: yes
20:58:00:  * Non-power-of-two textures: yes
20:58:00:  * Volume textures: yes
20:58:00:  * Multiple Render Targets: 4
20:58:00:    - With different bit depths: yes
20:58:00:  * Point Sprites: yes
20:58:00:  * Extended point parameters: yes
20:58:00:  * Max Point Size: 10
20:58:00:  * Vertex texture fetch: yes
20:58:00:  * Number of world matrices: 0
20:58:00:  * Number of texture units: 8
20:58:00:  * Stencil buffer depth: 8
20:58:00:  * Number of vertex blend matrices: 0
20:58:00:    - Max vertex textures: 4
20:58:00:    - Vertex textures shared: no
20:58:00:  * Render to Vertex Buffer : no
20:58:00:  * DirectX per stage constants: yes
20:58:00: ***************************************
20:58:00: *** D3D9 : Subsystem Initialised OK ***
20:58:00: ***************************************
20:58:00: DefaultWorkQueue('Root') initialising on thread 003FEDC0.
20:58:00: Particle Renderer Type 'billboard' registered
20:58:00: SceneManagerFactory for type 'BspSceneManager' registered.
20:58:00: Registering ResourceManager for type BspLevel
20:58:00: SceneManagerFactory for type 'PCZSceneManager' registered.
20:58:00: MovableObjectFactory for type 'PCZLight' registered.
20:58:00: MovableObjectFactory for type 'Portal' registered.
20:58:00: MovableObjectFactory for type 'AntiPortal' registered.
20:58:00: PCZone Factory Type 'ZoneType_Octree' registered
20:58:00: PCZone Factory Type 'ZoneType_Terrain' registered
20:58:00: SceneManagerFactory for type 'OctreeSceneManager' registered.
20:58:00: SceneManagerFactory for type 'TerrainSceneManager' registered.
20:58:00: +++ root initialized
20:58:00: +++ render window created
20:58:00: DefaultWorkQueue('Root')::WorkerFunc - thread 00412BE0 starting.
20:58:00: DefaultWorkQueue('Root')::WorkerFunc - thread 00412BB0 starting.
20:58:00: +++ OIS initialized
20:58:00: TerrainSceneManager: Registered a new PageSource for type Heightmap
20:58:00: Creating resource group Bootstrap
20:58:00: Added resource location 'C:/Users/KennySheep/Documents/Humber/math second last semester/OgreSDK_vc10_v1-7-2/media/packs/OgreCore.zip' of type 'Zip' to resource group 'Bootstrap'
20:58:00: Creating resource group Brushes
20:58:00: Added resource location 'C:/Users/KennySheep/OgitorProjects/Media/brushes' of type 'FileSystem' to resource group 'Brushes'
20:58:00: Creating resource group EditorResources
20:58:00: Added resource location 'C:/Users/KennySheep/OgitorProjects/Media/EditorResources' of type 'FileSystem' to resource group 'EditorResources'
20:58:00: Creating resource group Essential
20:58:00: Added resource location 'C:/Users/KennySheep/Documents/Humber/math second last semester/OgreSDK_vc10_v1-7-2/media/thumbnails' of type 'FileSystem' to resource group 'Essential'
20:58:00: Added resource location 'C:/Users/KennySheep/Documents/Humber/math second last semester/OgreSDK_vc10_v1-7-2/media/packs/SdkTrays.zip' of type 'Zip' to resource group 'Essential'
20:58:00: Added resource location 'C:/Users/KennySheep/Documents/Humber/math second last semester/OgreSDK_vc10_v1-7-2/media' of type 'FileSystem' to resource group 'General'
20:58:00: Added resource location 'C:/Users/KennySheep/OgitorProjects/NewProject/' of type 'FileSystem' to resource group 'General'
20:58:00: Added resource location 'C:/Users/KennySheep/OgitorProjects/NewProject/Terrain' of type 'FileSystem' to resource group 'General'
20:58:00: Added resource location 'C:/Users/KennySheep/OgitorProjects/SampleScene/Models' of type 'FileSystem' to resource group 'General'
20:58:00: Added resource location 'C:/Users/KennySheep/OgitorProjects/SampleScene/Materials' of type 'FileSystem' to resource group 'General'
20:58:00: Creating resource group Plants
20:58:00: Added resource location 'C:/Users/KennySheep/OgitorProjects/Media/plants' of type 'FileSystem' to resource group 'Plants'
20:58:00: Creating resource group Popular
20:58:00: Added resource location 'C:/Users/KennySheep/Documents/Humber/math second last semester/OgreSDK_vc10_v1-7-2/media/fonts' of type 'FileSystem' to resource group 'Popular'
20:58:00: Added resource location 'C:/Users/KennySheep/Documents/Humber/math second last semester/OgreSDK_vc10_v1-7-2/media/materials/programs' of type 'FileSystem' to resource group 'Popular'
20:58:00: Added resource location 'C:/Users/KennySheep/Documents/Humber/math second last semester/OgreSDK_vc10_v1-7-2/media/materials/scripts' of type 'FileSystem' to resource group 'Popular'
20:58:00: Added resource location 'C:/Users/KennySheep/Documents/Humber/math second last semester/OgreSDK_vc10_v1-7-2/media/materials/textures' of type 'FileSystem' to resource group 'Popular'
20:58:00: Added resource location 'C:/Users/KennySheep/Documents/Humber/math second last semester/OgreSDK_vc10_v1-7-2/media/materials/textures/nvidia' of type 'FileSystem' to resource group 'Popular'
20:58:00: Added resource location 'C:/Users/KennySheep/Documents/Humber/math second last semester/OgreSDK_vc10_v1-7-2/media/models' of type 'FileSystem' to resource group 'Popular'
20:58:00: Added resource location 'C:/Users/KennySheep/Documents/Humber/math second last semester/OgreSDK_vc10_v1-7-2/media/particle' of type 'FileSystem' to resource group 'Popular'
20:58:00: Added resource location 'C:/Users/KennySheep/Documents/Humber/math second last semester/OgreSDK_vc10_v1-7-2/media/DeferredShadingMedia' of type 'FileSystem' to resource group 'Popular'
20:58:00: Added resource location 'C:/Users/KennySheep/Documents/Humber/math second last semester/OgreSDK_vc10_v1-7-2/media/PCZAppMedia' of type 'FileSystem' to resource group 'Popular'
20:58:00: Added resource location 'C:/Users/KennySheep/Documents/Humber/math second last semester/OgreSDK_vc10_v1-7-2/media/RTShaderLib' of type 'FileSystem' to resource group 'Popular'
20:58:00: Added resource location 'C:/Users/KennySheep/Documents/Humber/math second last semester/OgreSDK_vc10_v1-7-2/media/RTShaderLib/materials' of type 'FileSystem' to resource group 'Popular'
20:58:00: Added resource location 'C:/Users/KennySheep/Documents/Humber/game engine design/Ogre/media/models' of type 'FileSystem' to resource group 'Popular'
20:58:00: Added resource location 'C:/Users/KennySheep/Documents/Humber/math second last semester/OgreSDK_vc10_v1-7-2/media/packs/cubemap.zip' of type 'Zip' to resource group 'Popular'
20:58:00: Added resource location 'C:/Users/KennySheep/Documents/Humber/math second last semester/OgreSDK_vc10_v1-7-2/media/packs/cubemapsJS.zip' of type 'Zip' to resource group 'Popular'
20:58:00: Added resource location 'C:/Users/KennySheep/Documents/Humber/math second last semester/OgreSDK_vc10_v1-7-2/media/packs/dragon.zip' of type 'Zip' to resource group 'Popular'
20:58:00: Added resource location 'C:/Users/KennySheep/Documents/Humber/math second last semester/OgreSDK_vc10_v1-7-2/media/packs/fresneldemo.zip' of type 'Zip' to resource group 'Popular'
20:58:00: Added resource location 'C:/Users/KennySheep/Documents/Humber/math second last semester/OgreSDK_vc10_v1-7-2/media/packs/ogretestmap.zip' of type 'Zip' to resource group 'Popular'
20:58:00: Added resource location 'C:/Users/KennySheep/Documents/Humber/math second last semester/OgreSDK_vc10_v1-7-2/media/packs/ogredance.zip' of type 'Zip' to resource group 'Popular'
20:58:00: Added resource location 'C:/Users/KennySheep/Documents/Humber/math second last semester/OgreSDK_vc10_v1-7-2/media/packs/Sinbad.zip' of type 'Zip' to resource group 'Popular'
20:58:00: Added resource location 'C:/Users/KennySheep/Documents/Humber/math second last semester/OgreSDK_vc10_v1-7-2/media/packs/skybox.zip' of type 'Zip' to resource group 'Popular'
20:58:00: Creating resource group TerrainTextures
20:58:00: Added resource location 'C:/Users/KennySheep/OgitorProjects/Media/TerrainTextures' of type 'FileSystem' to resource group 'TerrainTextures'
20:58:00: Parsing scripts for resource group Autodetect
20:58:00: Finished parsing scripts for resource group Autodetect
20:58:00: Parsing scripts for resource group Bootstrap
20:58:00: Parsing script OgreCore.material
20:58:00: Parsing script OgreProfiler.material
20:58:00: Parsing script Ogre.fontdef
20:58:00: Parsing script OgreDebugPanel.overlay
20:58:00: Texture: New_Ogre_Border_Center.png: Loading 1 faces(PF_A8R8G8B8,256x128x1) with  hardware generated mipmaps from Image. Internal format is PF_A8R8G8B8,256x128x1.
20:58:00: Texture: New_Ogre_Border.png: Loading 1 faces(PF_A8R8G8B8,256x256x1) with  hardware generated mipmaps from Image. Internal format is PF_A8R8G8B8,256x256x1.
20:58:00: Texture: New_Ogre_Border_Break.png: Loading 1 faces(PF_A8R8G8B8,32x32x1) with  hardware generated mipmaps from Image. Internal format is PF_A8R8G8B8,32x32x1.
20:58:00: Texture: ogretext.png: Loading 1 faces(PF_A8R8G8B8,256x128x1) with  hardware generated mipmaps from Image. Internal format is PF_A8R8G8B8,256x128x1.
20:58:00: Parsing script OgreLoadingPanel.overlay
20:58:00: Finished parsing scripts for resource group Bootstrap
20:58:00: Parsing scripts for resource group Brushes
20:58:00: Finished parsing scripts for resource group Brushes
20:58:00: Parsing scripts for resource group EditorResources
20:58:00: Parsing script Ogitor.material
20:58:00: Parsing script OgitorGizmos.material
20:58:00: Parsing script pssm.material
20:58:00: Parsing script shadows.material
20:58:00: Finished parsing scripts for resource group EditorResources
20:58:00: Parsing scripts for resource group Essential
20:58:00: Parsing script SdkTrays.material
20:58:00: Parsing script SdkTrays.fontdef
20:58:00: Parsing script SdkTrays.overlay
20:58:00: Bad element attribute line: '# you can offset the image to change the cursor "hotspot"' for element SdkTrays/Cursor in overlay 
20:58:00: Texture: sdk_cursor.png: Loading 1 faces(PF_A8R8G8B8,32x32x1) with  hardware generated mipmaps from Image. Internal format is PF_A8R8G8B8,32x32x1.
20:58:00: Texture: sdk_tray.png: Loading 1 faces(PF_A8R8G8B8,64x64x1) with  hardware generated mipmaps from Image. Internal format is PF_A8R8G8B8,64x64x1.
20:58:00: Texture: sdk_button_up.png: Loading 1 faces(PF_A8R8G8B8,128x32x1) with  hardware generated mipmaps from Image. Internal format is PF_A8R8G8B8,128x32x1.
20:58:00: Texture: sdk_text_box.png: Loading 1 faces(PF_A8R8G8B8,32x32x1) with  hardware generated mipmaps from Image. Internal format is PF_A8R8G8B8,32x32x1.
20:58:00: Texture: sdk_mini_tray.png: Loading 1 faces(PF_A8R8G8B8,32x32x1) with  hardware generated mipmaps from Image. Internal format is PF_A8R8G8B8,32x32x1.
20:58:00: Texture: sdk_track.png: Loading 1 faces(PF_A8R8G8B8,16x32x1) with  hardware generated mipmaps from Image. Internal format is PF_A8R8G8B8,16x32x1.
20:58:00: Texture: sdk_handle.png: Loading 1 faces(PF_A8R8G8B8,16x16x1) with  hardware generated mipmaps from Image. Internal format is PF_A8R8G8B8,16x16x1.
20:58:00: Texture: sdk_mini_text_box.png: Loading 1 faces(PF_A8R8G8B8,32x32x1) with  hardware generated mipmaps from Image. Internal format is PF_A8R8G8B8,32x32x1.
20:58:00: Texture: sdk_label.png: Loading 1 faces(PF_A8R8G8B8,32x32x1) with  hardware generated mipmaps from Image. Internal format is PF_A8R8G8B8,32x32x1.
20:58:00: Texture: sdk_separator.png: Loading 1 faces(PF_A8R8G8B8,64x16x1) with  hardware generated mipmaps from Image. Internal format is PF_A8R8G8B8,64x16x1.
20:58:00: Texture: sdk_logo.png: Loading 1 faces(PF_A8R8G8B8,128x64x1) with  hardware generated mipmaps from Image. Internal format is PF_A8R8G8B8,128x64x1.
20:58:00: Texture: sdk_shade.png: Loading 1 faces(PF_A8R8G8B8,64x48x1) with 6 generated mipmaps from Image. Internal format is PF_A8R8G8B8,64x48x1.
20:58:00: Texture: sdk_frame.png: Loading 1 faces(PF_A8R8G8B8,32x32x1) with  hardware generated mipmaps from Image. Internal format is PF_A8R8G8B8,32x32x1.
20:58:00: Texture: sdk_mini_text_box_over.png: Loading 1 faces(PF_A8R8G8B8,32x32x1) with  hardware generated mipmaps from Image. Internal format is PF_A8R8G8B8,32x32x1.
20:58:00: Texture: sdk_pulse.png: Loading 1 faces(PF_R8G8B8,8x1x1) with  hardware generated mipmaps from Image. Internal format is PF_X8R8G8B8,8x1x1.
20:58:00: Finished parsing scripts for resource group Essential
20:58:00: Parsing scripts for resource group General
20:58:00: Parsing script StdQuad_vp.program
20:58:00: Parsing script additional.material
20:58:00: Parsing script Barrel.material
20:58:00: Parsing script BlackAndWhite.material
20:58:00: Parsing script Dwarf.material
20:58:00: Parsing script fence4.material
20:58:00: Parsing script hang.bridge.01.material
20:58:00: Parsing script highlander.house.01.material
20:58:00: Parsing script ogre.material
20:58:00: Parsing script rock.05.material
20:58:00: Parsing script rock.07.material
20:58:00: Parsing script skeltorch.material
20:58:00: Parsing script ssao.material
20:58:00: Parsing script tree.05.material
20:58:00: Parsing script tree.07.material
20:58:00: Parsing script tree.09.material
20:58:00: Parsing script BW.compositor
20:58:00: Parsing script ssao.compositor
20:58:00: Finished parsing scripts for resource group General
20:58:00: Parsing scripts for resource group Internal
20:58:00: Finished parsing scripts for resource group Internal
20:58:00: Parsing scripts for resource group Plants
20:58:00: Parsing script grass.material
20:58:00: Parsing script grass2.material
20:58:00: Parsing script plant1.material
20:58:00: Finished parsing scripts for resource group Plants
20:58:00: Parsing scripts for resource group Popular
20:58:00: Parsing script Examples.program
20:58:00: Parsing script StdQuad_vp.program
20:58:00: Parsing script deferred_post.program
20:58:00: Parsing script ShadowCaster.program
20:58:00: Parsing script ASCII.material
20:58:00: Parsing script ASMSwizzle.material
20:58:00: Compiler error: object unsupported by render system in ASMSwizzle.material(1)
20:58:00: Parsing script BlackAndWhite.material
20:58:00: Parsing script Bloom.material
20:58:00: Parsing script Bloom2.material
20:58:00: Parsing script butterfly.material
20:58:00: Parsing script CGSwizzle.material
20:58:00: Parsing script CompositorDemo.material
20:58:00: Parsing script Cylinder.material
20:58:00: Parsing script DepthShadowmap.material
20:58:01: Parsing script Dither.material
20:58:01: Parsing script DOF.material
20:58:01: Parsing script Embossed.material
20:58:01: Parsing script Example-Water.material
20:58:01: Parsing script Examples-Advanced.material
20:58:01: Parsing script Examples-DynTex.material
20:58:01: Parsing script Examples-Water.material
20:58:01: Parsing script Examples.material
20:58:01: OGRE EXCEPTION(2:InvalidParametersException): Parameter called camObjPos does not exist.  in GpuProgramParameters::_findNamedConstantDefinition at ..\..\..\..\OgreMain\src\OgreGpuProgramParams.cpp (line 1433)
20:58:01: Compiler error: invalid parameters in Examples.material(837): setting of constant failed
20:58:01: Parsing script facial.material
20:58:01: Parsing script Glass.material
20:58:01: Parsing script GLSLSwizzle.material
20:58:01: Parsing script Halftone.material
20:58:01: Parsing script hdr.material
20:58:01: Parsing script Head.material
20:58:01: Parsing script HeatVision.material
20:58:01: Parsing script Hurt.material
20:58:01: Parsing script instancing.material
20:58:01: Parsing script Invert.material
20:58:01: Parsing script IsoSurf.material
20:58:01: Parsing script Laplace.material
20:58:01: Parsing script MotionBlur.material
20:58:01: Parsing script MRTtest.material
20:58:01: Parsing script MyMaterials.material
20:58:01: Compiler error: invalid parameters in MyMaterials.material(322): scale is not a valid transform type (must be "scroll_x", "scroll_y", "scale_x", "scale_y", or "rotate")
20:58:01: Compiler error: unknown error in MyMaterials.material(379): token "#scroll_anim" is not recognized
20:58:01: Parsing script NightVision.material
20:58:01: Parsing script Ocean.material
20:58:01: Parsing script OffsetMapping.material
20:58:02: Parsing script Ogre.material
20:58:02: Parsing script OldMovie.material
20:58:02: Parsing script OldTV.material
20:58:02: Parsing script ParticleGS.material
20:58:02: OGRE EXCEPTION(7:InternalErrorException): Unable to compile Cg program Ogre/ParticleGS/GenerateVS: CG ERROR : "The compile returned an error."
(0) : error C6015: Output 'POSITION' not completely written
 in CgProgram::loadFromSource at ..\..\..\..\..\PlugIns\CgProgramManager\src\OgreCgProgramManagerDll.cpp (line 67)
20:58:02: High-level program Ogre/ParticleGS/GenerateVS encountered an error during loading and is thus not supported.
OGRE EXCEPTION(7:InternalErrorException): Unable to compile Cg program Ogre/ParticleGS/GenerateVS: CG ERROR : "The compile returned an error."
(0) : error C6015: Output 'POSITION' not completely written
 in CgProgram::loadFromSource at ..\..\..\..\..\PlugIns\CgProgramManager\src\OgreCgProgramManagerDll.cpp (line 67)
20:58:02: OGRE EXCEPTION(7:InternalErrorException): Unable to compile Cg program Ogre/ParticleGS/DisplayVS: CG ERROR : "The compile returned an error."
(249) : warning C7050: "output.color" might be used before being initialized
(0) : error C6015: Output 'POSITION' not completely written
 in CgProgram::loadFromSource at ..\..\..\..\..\PlugIns\CgProgramManager\src\OgreCgProgramManagerDll.cpp (line 67)
20:58:02: High-level program Ogre/ParticleGS/DisplayVS encountered an error during loading and is thus not supported.
OGRE EXCEPTION(7:InternalErrorException): Unable to compile Cg program Ogre/ParticleGS/DisplayVS: CG ERROR : "The compile returned an error."
(249) : warning C7050: "output.color" might be used before being initialized
(0) : error C6015: Output 'POSITION' not completely written
 in CgProgram::loadFromSource at ..\..\..\..\..\PlugIns\CgProgramManager\src\OgreCgProgramManagerDll.cpp (line 67)
20:58:02: OGRE EXCEPTION(7:InternalErrorException): Unable to compile Cg program Ogre/ParticleGS/DisplayPS: CG ERROR : "The compile returned an error."
(323) : fatal error C9999: unexpected cast operation
 in CgProgram::loadFromSource at ..\..\..\..\..\PlugIns\CgProgramManager\src\OgreCgProgramManagerDll.cpp (line 67)
20:58:02: High-level program Ogre/ParticleGS/DisplayPS encountered an error during loading and is thus not supported.
OGRE EXCEPTION(7:InternalErrorException): Unable to compile Cg program Ogre/ParticleGS/DisplayPS: CG ERROR : "The compile returned an error."
(323) : fatal error C9999: unexpected cast operation
 in CgProgram::loadFromSource at ..\..\..\..\..\PlugIns\CgProgramManager\src\OgreCgProgramManagerDll.cpp (line 67)
20:58:02: Parsing script Penguin.material
20:58:02: Parsing script person.material
20:58:02: Parsing script Posterize.material
20:58:02: Parsing script pssm.material
20:58:02: Parsing script RadialBlur.material
20:58:02: Parsing script RZR-002.material
20:58:02: Parsing script Scene.material
20:58:02: Parsing script ShaderSystem.material
20:58:02: Parsing script shadows.material
20:58:02: Parsing script SharpenEdges.material
20:58:02: Parsing script sibenik.material
20:58:02: Parsing script smoke.material
20:58:02: Parsing script tall.material
20:58:02: Parsing script Tiling.material
20:58:02: Parsing script VarianceShadowmap.material
20:58:02: Parsing script Wing.material
20:58:02: Parsing script Wing2.material
20:58:02: Parsing script Cone.material
20:58:02: Parsing script deferreddemo.material
20:58:02: Parsing script deferred_post.material
20:58:02: Parsing script deferred_post_minilight.material
20:58:02: Parsing script ShadowCaster.material
20:58:02: Parsing script ssao.material
20:58:02: Parsing script ROOM.material
20:58:02: Parsing script RTShaderSystem.material
20:58:02: Compiler error: unknown error in RTShaderSystem.material(23): token "rtshader_system" is not recognized
20:58:02: Compiler error: unknown error in RTShaderSystem.material(52): token "rtshader_system" is not recognized
20:58:02: Compiler error: unknown error in RTShaderSystem.material(81): token "rtshader_system" is not recognized
20:58:02: Compiler error: unknown error in RTShaderSystem.material(110): token "rtshader_system" is not recognized
20:58:02: Compiler error: unknown error in RTShaderSystem.material(146): token "rtshader_system" is not recognized
20:58:02: Compiler error: unknown error in RTShaderSystem.material(81): token "rtshader_system" is not recognized
20:58:02: Compiler error: unknown error in RTShaderSystem.material(162): token "rtshader_system" is not recognized
20:58:02: Compiler error: unknown error in RTShaderSystem.material(81): token "rtshader_system" is not recognized
20:58:02: Compiler error: unknown error in RTShaderSystem.material(110): token "rtshader_system" is not recognized
20:58:02: Parsing script RomanBath.material
20:58:02: Parsing script Sinbad.material
20:58:02: Parsing script explosion.particle
20:58:02: Parsing script emitted_emitter.particle
20:58:02: Parsing script Examples-Water.particle
20:58:02: Parsing script Examples.particle
20:58:02: Parsing script smoke.particle
20:58:02: Parsing script Examples.compositor
20:58:02: Parsing script deferred.compositor
20:58:02: Parsing script ssao.compositor
20:58:02: Parsing script sample.fontdef
20:58:02: Finished parsing scripts for resource group Popular
20:58:02: Parsing scripts for resource group TerrainTextures
20:58:02: Finished parsing scripts for resource group TerrainTextures
20:58:02: Mesh: Loading ogrehead.mesh.
20:58:02: Texture: GreenSkin.jpg: Loading 1 faces(PF_R8G8B8,256x256x1) with  hardware generated mipmaps from Image. Internal format is PF_X8R8G8B8,256x256x1.
20:58:02: Texture: spheremap.png: Loading 1 faces(PF_R8G8B8,256x256x1) with  hardware generated mipmaps from Image. Internal format is PF_X8R8G8B8,256x256x1.
20:58:02: Texture: tusk.jpg: Loading 1 faces(PF_R8G8B8,96x96x1) with 6 generated mipmaps from Image. Internal format is PF_X8R8G8B8,96x96x1.
20:58:02: Mesh: Loading Body.mesh.
20:58:02: Skeleton: Loading Cone.skeleton
20:58:02: Mesh: Loading lWing.mesh.
20:58:02: Skeleton: Loading lWing.skeleton
20:58:02: Texture: White.jpg: Loading 1 faces(PF_R8G8B8,256x256x1) with  hardware generated mipmaps from Image. Internal format is PF_X8R8G8B8,256x256x1.
20:58:02: Mesh: Loading Head.mesh.
20:58:02: Skeleton: Loading Head.skeleton
20:58:02: Texture: face.png: Loading 1 faces(PF_A8R8G8B8,256x256x1) with  hardware generated mipmaps from Image. Internal format is PF_A8R8G8B8,256x256x1.
20:58:02: [DotSceneLoader] Parsing dotScene file with version 1.0.0
20:58:02: Mesh: Loading hang.bridge.01.mesh.
20:58:02: WARNING: hang.bridge.01.mesh is an older format ([MeshSerializer_v1.40]); you should upgrade it as soon as possible using the OgreMeshUpgrade tool.
20:58:02: Texture: hang.bridge.01.ropes.png: Loading 1 faces(PF_A8R8G8B8,256x256x1) with  hardware generated mipmaps from Image. Internal format is PF_A8R8G8B8,256x256x1.
20:58:02: Texture: hang.bridge.01.boards.jpg: Loading 1 faces(PF_R8G8B8,256x256x1) with  hardware generated mipmaps from Image. Internal format is PF_X8R8G8B8,256x256x1.
20:58:02: Texture: hang.bridge.01.pole.jpg: Loading 1 faces(PF_R8G8B8,512x512x1) with  hardware generated mipmaps from Image. Internal format is PF_X8R8G8B8,512x512x1.
20:58:02: Texture: hang.bridge.01.pole.end.jpg: Loading 1 faces(PF_R8G8B8,128x128x1) with  hardware generated mipmaps from Image. Internal format is PF_X8R8G8B8,128x128x1.
20:58:02: Mesh: Loading tree.09.mesh.
20:58:02: WARNING: tree.09.mesh is an older format ([MeshSerializer_v1.40]); you should upgrade it as soon as possible using the OgreMeshUpgrade tool.
20:58:02: Texture: tree.09.png: Loading 1 faces(PF_A8R8G8B8,512x512x1) with  hardware generated mipmaps from Image. Internal format is PF_A8R8G8B8,512x512x1.
20:58:02: +++ beginning terrain parse
20:58:02: +++ loading terrain page Page_00000000.ogt
20:58:02: +++ terrain page loaded: Page_00000000.ogt
20:58:02: Terrain created; size=129 minBatch=33 maxBatch=65 treeDepth=2 lodLevels=3 leafLods=2
20:58:02: [World::Terrain]; minHeight=0; maxHeight=58.0712; worldSize=512; size=129; scale=4; position=0 0 0
20:58:02: Creating resource group BtOgre
20:58:02: Font BlueHighwayusing texture size 512x512
20:58:02: Info: Freetype returned null for character 127 in font BlueHighway
20:58:02: Info: Freetype returned null for character 128 in font BlueHighway
20:58:02: Info: Freetype returned null for character 129 in font BlueHighway
20:58:02: Info: Freetype returned null for character 130 in font BlueHighway
20:58:02: Info: Freetype returned null for character 131 in font BlueHighway
20:58:02: Info: Freetype returned null for character 132 in font BlueHighway
20:58:02: Info: Freetype returned null for character 133 in font BlueHighway
20:58:02: Info: Freetype returned null for character 134 in font BlueHighway
20:58:02: Info: Freetype returned null for character 135 in font BlueHighway
20:58:02: Info: Freetype returned null for character 136 in font BlueHighway
20:58:02: Info: Freetype returned null for character 137 in font BlueHighway
20:58:02: Info: Freetype returned null for character 138 in font BlueHighway
20:58:02: Info: Freetype returned null for character 139 in font BlueHighway
20:58:02: Info: Freetype returned null for character 140 in font BlueHighway
20:58:02: Info: Freetype returned null for character 141 in font BlueHighway
20:58:02: Info: Freetype returned null for character 142 in font BlueHighway
20:58:02: Info: Freetype returned null for character 143 in font BlueHighway
20:58:02: Info: Freetype returned null for character 144 in font BlueHighway
20:58:02: Info: Freetype returned null for character 145 in font BlueHighway
20:58:02: Info: Freetype returned null for character 146 in font BlueHighway
20:58:02: Info: Freetype returned null for character 147 in font BlueHighway
20:58:02: Info: Freetype returned null for character 148 in font BlueHighway
20:58:02: Info: Freetype returned null for character 149 in font BlueHighway
20:58:02: Info: Freetype returned null for character 150 in font BlueHighway
20:58:02: Info: Freetype returned null for character 151 in font BlueHighway
20:58:02: Info: Freetype returned null for character 152 in font BlueHighway
20:58:02: Info: Freetype returned null for character 153 in font BlueHighway
20:58:02: Info: Freetype returned null for character 154 in font BlueHighway
20:58:02: Info: Freetype returned null for character 155 in font BlueHighway
20:58:02: Info: Freetype returned null for character 156 in font BlueHighway
20:58:02: Info: Freetype returned null for character 157 in font BlueHighway
20:58:02: Info: Freetype returned null for character 158 in font BlueHighway
20:58:02: Info: Freetype returned null for character 159 in font BlueHighway
20:58:02: Info: Freetype returned null for character 160 in font BlueHighway
20:58:02: Texture: BlueHighwayTexture: Loading 1 faces(PF_BYTE_LA,512x512x1) with 0 generated mipmaps from Image. Internal format is PF_BYTE_LA,512x512x1.
20:58:02: Font SdkTrays/Captionusing texture size 512x256
20:58:02: Info: Freetype returned null for character 160 in font SdkTrays/Caption
20:58:02: Texture: SdkTrays/CaptionTexture: Loading 1 faces(PF_BYTE_LA,512x256x1) with 0 generated mipmaps from Image. Internal format is PF_BYTE_LA,512x256x1.
20:58:02: Font SdkTrays/Valueusing texture size 512x512
20:58:02: Info: Freetype returned null for character 127 in font SdkTrays/Value
20:58:02: Info: Freetype returned null for character 128 in font SdkTrays/Value
20:58:02: Info: Freetype returned null for character 129 in font SdkTrays/Value
20:58:02: Info: Freetype returned null for character 130 in font SdkTrays/Value
20:58:02: Info: Freetype returned null for character 131 in font SdkTrays/Value
20:58:02: Info: Freetype returned null for character 132 in font SdkTrays/Value
20:58:02: Info: Freetype returned null for character 133 in font SdkTrays/Value
20:58:02: Info: Freetype returned null for character 134 in font SdkTrays/Value
20:58:02: Info: Freetype returned null for character 135 in font SdkTrays/Value
20:58:02: Info: Freetype returned null for character 136 in font SdkTrays/Value
20:58:02: Info: Freetype returned null for character 137 in font SdkTrays/Value
20:58:02: Info: Freetype returned null for character 138 in font SdkTrays/Value
20:58:02: Info: Freetype returned null for character 139 in font SdkTrays/Value
20:58:02: Info: Freetype returned null for character 140 in font SdkTrays/Value
20:58:02: Info: Freetype returned null for character 141 in font SdkTrays/Value
20:58:02: Info: Freetype returned null for character 142 in font SdkTrays/Value
20:58:02: Info: Freetype returned null for character 143 in font SdkTrays/Value
20:58:02: Info: Freetype returned null for character 144 in font SdkTrays/Value
20:58:02: Info: Freetype returned null for character 145 in font SdkTrays/Value
20:58:02: Info: Freetype returned null for character 146 in font SdkTrays/Value
20:58:02: Info: Freetype returned null for character 147 in font SdkTrays/Value
20:58:02: Info: Freetype returned null for character 148 in font SdkTrays/Value
20:58:02: Info: Freetype returned null for character 149 in font SdkTrays/Value
20:58:02: Info: Freetype returned null for character 150 in font SdkTrays/Value
20:58:02: Info: Freetype returned null for character 151 in font SdkTrays/Value
20:58:02: Info: Freetype returned null for character 152 in font SdkTrays/Value
20:58:02: Info: Freetype returned null for character 153 in font SdkTrays/Value
20:58:02: Info: Freetype returned null for character 154 in font SdkTrays/Value
20:58:02: Info: Freetype returned null for character 155 in font SdkTrays/Value
20:58:02: Info: Freetype returned null for character 156 in font SdkTrays/Value
20:58:02: Info: Freetype returned null for character 157 in font SdkTrays/Value
20:58:02: Info: Freetype returned null for character 158 in font SdkTrays/Value
20:58:02: Info: Freetype returned null for character 159 in font SdkTrays/Value
20:58:02: Info: Freetype returned null for character 160 in font SdkTrays/Value
20:58:02: Texture: SdkTrays/ValueTexture: Loading 1 faces(PF_BYTE_LA,512x512x1) with 0 generated mipmaps from Image. Internal format is PF_BYTE_LA,512x512x1.
20:58:02: Font StarWarsusing texture size 512x512
20:58:02: Info: Freetype returned null for character 35 in font StarWars
20:58:02: Info: Freetype returned null for character 37 in font StarWars
20:58:02: Info: Freetype returned null for character 38 in font StarWars
20:58:02: Info: Freetype returned null for character 42 in font StarWars
20:58:02: Info: Freetype returned null for character 43 in font StarWars
20:58:02: Info: Freetype returned null for character 60 in font StarWars
20:58:02: Info: Freetype returned null for character 62 in font StarWars
20:58:02: Info: Freetype returned null for character 64 in font StarWars
20:58:02: Info: Freetype returned null for character 94 in font StarWars
20:58:02: Info: Freetype returned null for character 96 in font StarWars
20:58:02: Info: Freetype returned null for character 126 in font StarWars
20:58:02: Info: Freetype returned null for character 127 in font StarWars
20:58:02: Info: Freetype returned null for character 128 in font StarWars
20:58:02: Info: Freetype returned null for character 129 in font StarWars
20:58:02: Info: Freetype returned null for character 130 in font StarWars
20:58:02: Info: Freetype returned null for character 131 in font StarWars
20:58:02: Info: Freetype returned null for character 132 in font StarWars
20:58:02: Info: Freetype returned null for character 133 in font StarWars
20:58:02: Info: Freetype returned null for character 134 in font StarWars
20:58:02: Info: Freetype returned null for character 135 in font StarWars
20:58:02: Info: Freetype returned null for character 136 in font StarWars
20:58:02: Info: Freetype returned null for character 137 in font StarWars
20:58:02: Info: Freetype returned null for character 138 in font StarWars
20:58:02: Info: Freetype returned null for character 139 in font StarWars
20:58:02: Info: Freetype returned null for character 140 in font StarWars
20:58:02: Info: Freetype returned null for character 141 in font StarWars
20:58:02: Info: Freetype returned null for character 142 in font StarWars
20:58:02: Info: Freetype returned null for character 143 in font StarWars
20:58:02: Info: Freetype returned null for character 144 in font StarWars
20:58:02: Info: Freetype returned null for character 145 in font StarWars
20:58:02: Info: Freetype returned null for character 146 in font StarWars
20:58:02: Info: Freetype returned null for character 147 in font StarWars
20:58:02: Info: Freetype returned null for character 148 in font StarWars
20:58:02: Info: Freetype returned null for character 149 in font StarWars
20:58:02: Info: Freetype returned null for character 150 in font StarWars
20:58:02: Info: Freetype returned null for character 151 in font StarWars
20:58:02: Info: Freetype returned null for character 152 in font StarWars
20:58:02: Info: Freetype returned null for character 153 in font StarWars
20:58:02: Info: Freetype returned null for character 154 in font StarWars
20:58:02: Info: Freetype returned null for character 155 in font StarWars
20:58:02: Info: Freetype returned null for character 156 in font StarWars
20:58:02: Info: Freetype returned null for character 157 in font StarWars
20:58:02: Info: Freetype returned null for character 158 in font StarWars
20:58:02: Info: Freetype returned null for character 159 in font StarWars
20:58:02: Info: Freetype returned null for character 160 in font StarWars
20:58:02: Info: Freetype returned null for character 161 in font StarWars
20:58:02: Info: Freetype returned null for character 162 in font StarWars
20:58:02: Info: Freetype returned null for character 163 in font StarWars
20:58:02: Info: Freetype returned null for character 164 in font StarWars
20:58:02: Info: Freetype returned null for character 165 in font StarWars
20:58:02: Info: Freetype returned null for character 166 in font StarWars
20:58:02: Texture: StarWarsTexture: Loading 1 faces(PF_BYTE_LA,512x512x1) with 0 generated mipmaps from Image. Internal format is PF_BYTE_LA,512x512x1.
20:58:02: Texture: BeachStones.jpg: Loading 1 faces(PF_R8G8B8,512x512x1) with  hardware generated mipmaps from Image. Internal format is PF_X8R8G8B8,512x512x1.
20:58:02: D3D9 Device 0x[02A1B4E0] entered lost state
20:58:02: D3D9 : WARNING - disabling VSync in windowed mode can cause timing issues at lower frame rates, turn VSync on if you observe this problem.
20:58:02: !!! Direct3D Device successfully restored.
20:58:02: D3D9 device: 0x[02A1B4E0] was reset
20:58:02: D3D9 : Loading 2D Texture, image name : 'jungle_1_diffusespecular.dds' with 2147483647 mip map levels
20:58:02: D3D9 : Loading 2D Texture, image name : 'jungle_1_normalheight.dds' with 2147483647 mip map levels
20:58:07: OGRE EXCEPTION(4:ItemIdentityException): OverlayElement with name startGame_box already exists. in OverlayManager::createOverlayElement at ..\..\..\..\OgreMain\src\OgreOverlayManager.cpp (line 576)
20:58:07: OGRE EXCEPTION(4:ItemIdentityException): OverlayElement with name startGame_box already exists. in OverlayManager::createOverlayElement at ..\..\..\..\OgreMain\src\OgreOverlayManager.cpp (line 576)
20:58:07: DefaultWorkQueue('Root') shutting down on thread 003FEDC0.
20:58:07: DefaultWorkQueue('Root')::WorkerFunc - thread 00412BB0 stopped.
20:58:07: DefaultWorkQueue('Root')::WorkerFunc - thread 00412BE0 stopped.
20:58:07: PCZone Factory Type 'ZoneType_Octree' unregistered
20:58:07: PCZone Factory Type 'ZoneType_Terrain' unregistered
20:58:07: Unregistering ResourceManager for type BspLevel
20:58:07: *-*-* OGRE Shutdown
20:58:07: Unregistering ResourceManager for type Compositor
20:58:07: Unregistering ResourceManager for type Font
20:58:07: Unregistering ResourceManager for type Skeleton
20:58:07: Unregistering ResourceManager for type Mesh
20:58:07: Unregistering ResourceManager for type HighLevelGpuProgram
20:58:07: Uninstalling plugin: Octree & Terrain Scene Manager
20:58:07: Plugin successfully uninstalled
20:58:07: Unloading library .\Plugin_OctreeSceneManager
20:58:07: Uninstalling plugin: Octree Zone Factory
20:58:07: Plugin successfully uninstalled
20:58:07: Unloading library .\Plugin_OctreeZone
20:58:07: Uninstalling plugin: Portal Connected Zone Scene Manager
20:58:07: Plugin successfully uninstalled
20:58:07: Unloading library .\Plugin_PCZSceneManager
20:58:07: Uninstalling plugin: Cg Program Manager
20:58:07: Plugin successfully uninstalled
20:58:07: Unloading library .\Plugin_CgProgramManager
20:58:07: Uninstalling plugin: BSP Scene Manager
20:58:07: Plugin successfully uninstalled
20:58:07: Unloading library .\Plugin_BSPSceneManager
20:58:07: Uninstalling plugin: ParticleFX
20:58:07: Plugin successfully uninstalled
20:58:07: Unloading library .\Plugin_ParticleFX
20:58:07: Uninstalling plugin: GL RenderSystem
20:58:07: *** Stopping Win32GL Subsystem ***
20:58:07: Plugin successfully uninstalled
20:58:07: Unloading library .\RenderSystem_GL
20:58:07: Uninstalling plugin: D3D9 RenderSystem
20:58:07: D3D9 device: 0x[02A1B4E0] destroy. Releasing D3D9 texture: TerrBlend1
20:58:07: Released D3D9 texture: TerrBlend1
20:58:07: D3D9 device: 0x[02A1B4E0] destroy. Releasing D3D9 texture: OgreTerrain/578559924/nm
20:58:07: Released D3D9 texture: OgreTerrain/578559924/nm
20:58:07: D3D9 device: 0x[02A1B4E0] destroy. Releasing D3D9 texture: OgreTerrain/578559924/lm
20:58:07: Released D3D9 texture: OgreTerrain/578559924/lm
20:58:07: D3D9 device: 0x[02A1B4E0] destroy. Releasing D3D9 texture: OgreTerrain/578559924/comp
20:58:07: Released D3D9 texture: OgreTerrain/578559924/comp
20:58:07: D3D9 device: 0x[02A1B4E0] destroy. Releasing D3D9 texture: jungle_1_diffusespecular.dds
20:58:07: Released D3D9 texture: jungle_1_diffusespecular.dds
20:58:07: D3D9 device: 0x[02A1B4E0] destroy. Releasing D3D9 texture: jungle_1_normalheight.dds
20:58:07: Released D3D9 texture: jungle_1_normalheight.dds
20:58:08: D3D9 : Shutting down cleanly.
20:58:08: Unregistering ResourceManager for type Texture
20:58:08: Unregistering ResourceManager for type GpuProgram
20:58:08: D3D9 : Direct3D9 Rendering Subsystem destroyed.
20:58:08: Plugin successfully uninstalled
20:58:08: Unloading library .\RenderSystem_Direct3D9
20:58:08: Unregistering ResourceManager for type Material
